<?xml version="1.0" encoding="UTF-8"?>
<!-- Generated by org.testng.reporters.JUnitXMLReporter -->
<testsuite ignored="0" hostname="LAPTOP-9K3LEA1H" failures="0" tests="13" name="Default test" time="2.54" errors="0" timestamp="2024-07-08T12:21:01 IST">
  <testcase classname="testbase.BaseClass" name="@BeforeClass setup" time="-1.720421459122E9">
    <failure type="org.testng.TestNGException" message="
Parameter &amp;apos;os&amp;apos; is required by BeforeClass on method setup but has not been marked @Optional or defined
in C:\Users\AVI\AppData\Local\Temp\testng-eclipse--2136708639\testng-customsuite.xml">
      <![CDATA[org.testng.TestNGException: 
Parameter 'os' is required by BeforeClass on method setup but has not been marked @Optional or defined
in C:\Users\AVI\AppData\Local\Temp\testng-eclipse--2136708639\testng-customsuite.xml
at org.testng.internal.Parameters.createParams(Parameters.java:264)
at org.testng.internal.Parameters.createParametersForMethod(Parameters.java:352)
at org.testng.internal.Parameters.createParameters(Parameters.java:690)
at org.testng.internal.Parameters.createConfigurationParameters(Parameters.java:163)
at org.testng.internal.invokers.ConfigInvoker.invokeConfigurations(ConfigInvoker.java:313)
at org.testng.internal.invokers.TestMethodWorker.invokeBeforeClassMethods(TestMethodWorker.java:188)
at org.testng.internal.invokers.TestMethodWorker.run(TestMethodWorker.java:128)
at java.base/java.util.ArrayList.forEach(ArrayList.java:1596)
at org.testng.TestRunner.privateRun(TestRunner.java:739)
at org.testng.TestRunner.run(TestRunner.java:614)
at org.testng.SuiteRunner.runTest(SuiteRunner.java:421)
at org.testng.SuiteRunner.runSequentially(SuiteRunner.java:413)
at org.testng.SuiteRunner.privateRun(SuiteRunner.java:373)
at org.testng.SuiteRunner.run(SuiteRunner.java:312)
at org.testng.SuiteRunnerWorker.runSuite(SuiteRunnerWorker.java:52)
at org.testng.SuiteRunnerWorker.run(SuiteRunnerWorker.java:95)
at org.testng.TestNG.runSuitesSequentially(TestNG.java:1274)
at org.testng.TestNG.runSuitesLocally(TestNG.java:1208)
at org.testng.TestNG.runSuites(TestNG.java:1112)
at org.testng.TestNG.run(TestNG.java:1079)
at org.testng.remote.AbstractRemoteTestNG.run(AbstractRemoteTestNG.java:115)
at org.testng.remote.RemoteTestNG.initAndRun(RemoteTestNG.java:293)
at org.testng.remote.RemoteTestNG.main(RemoteTestNG.java:91)
]]>
    </failure>
  </testcase> <!-- @BeforeClass setup -->
  <testcase classname="testbase.BaseClass" name="@AfterClass teardown" time="0.0">
    <skipped/>
  </testcase> <!-- @AfterClass teardown -->
  <testcase classname="testcases.Login_DataDriven" name="Tc_002" time="0.0">
    <skipped/>
  </testcase> <!-- Tc_002 -->
  <testcase classname="testcases.Login_DataDriven" name="Tc_002" time="0.002">
    <skipped/>
  </testcase> <!-- Tc_002 -->
  <testcase classname="testcases.Login_DataDriven" name="Tc_002" time="0.0">
    <skipped/>
  </testcase> <!-- Tc_002 -->
  <testcase classname="testcases.Login_DataDriven" name="Tc_002" time="0.0">
    <skipped/>
  </testcase> <!-- Tc_002 -->
  <testcase classname="testcases.Login_DataDriven" name="Tc_002" time="0.0">
    <skipped/>
  </testcase> <!-- Tc_002 -->
  <testcase classname="testcases.Login_DataDriven" name="Tc_002" time="0.001">
    <skipped/>
  </testcase> <!-- Tc_002 -->
  <testcase classname="testcases.Login_DataDriven" name="Tc_002" time="0.0">
    <skipped/>
  </testcase> <!-- Tc_002 -->
  <testcase classname="testcases.Login_DataDriven" name="Tc_002" time="0.001">
    <skipped/>
  </testcase> <!-- Tc_002 -->
  <testcase classname="testcases.Login_DataDriven" name="Tc_002" time="0.0">
    <skipped/>
  </testcase> <!-- Tc_002 -->
  <testcase classname="testcases.Login_DataDriven" name="Tc_002" time="0.001">
    <skipped/>
  </testcase> <!-- Tc_002 -->
  <testcase classname="testcases.Login_DataDriven" name="Tc_002" time="0.001">
    <skipped/>
  </testcase> <!-- Tc_002 -->
  <testcase classname="testcases.Login_DataDriven" name="Tc_002" time="0.0">
    <skipped/>
  </testcase> <!-- Tc_002 -->
  <testcase classname="testcases.Login_DataDriven" name="Tc_002" time="0.0">
    <skipped/>
  </testcase> <!-- Tc_002 -->
</testsuite> <!-- Default test -->
